# 2015-06-11T09:07:35.504.0
Buildfile: /home/serafini/h-store/build.xml
hstore-site:
09:07:45,759 [main] (ArgumentsParser.java:885) INFO  - Applying PartitionPlan 'tpcc-plan-fine-grained.pplan' to catalog [enableSecondaryIndexes=true]
09:07:46,765 [H01-main] (HStoreSite.java:477) INFO  - Using hasher class: edu.brown.hashing.TwoTieredRangeHasher
09:07:50,687 [H01-main] (HStoreSite.java:653) INFO  - Initializing Reconfiguration Coordinator
09:07:50,694 [H01-main] (ReconfigurationCoordinator.java:224) INFO  - update transfer bytes to :  8241152
09:07:50,694 [H01-main] (ReconfigurationCoordinator.java:233) INFO  - Using async queue. Disabling other async methods
09:07:50,695 [H01-main] (ReconfigurationCoordinator.java:254) INFO  - Reconfig configuration. Site:1 DetailedTiming: true AsyncPush:false AysncPull:false AsyncQueuePulls:true LivePulls:true AsyncPullSizeKB:8048 LivePullSizeKB:10048 ForceDestination:false AsyncDelay:511 PlanSplit:20 PlanDelay:1511
Site is ready for action : Site=H01 / Address=istc11:21212 / Partitions={6, 7, 8, 9, 10, 11}
09:58:39,311 [H01-010] (PartitionExecutor.java:2092) WARN  - Halting transaction processing at partition 10
09:58:39,311 [H01-011] (PartitionExecutor.java:2092) WARN  - Halting transaction processing at partition 11
09:58:39,311 [H01-007] (PartitionExecutor.java:2092) WARN  - Halting transaction processing at partition 7
09:58:39,311 [H01-009] (PartitionExecutor.java:2092) WARN  - Halting transaction processing at partition 9
09:58:39,311 [H01-006] (PartitionExecutor.java:2092) WARN  - Halting transaction processing at partition 6
09:58:39,311 [H01-008] (PartitionExecutor.java:2092) WARN  - Halting transaction processing at partition 8
09:58:41,896 [H01-periodic] (HStoreCoordinator.java:1607) WARN  - Shutting down cluster with Exception
java.lang.Exception: Shutdown command received at H01
	at edu.brown.hstore.HStoreSite.processSysProc(HStoreSite.java:1837)
	at edu.brown.hstore.HStoreSite.invocationProcess(HStoreSite.java:1743)
	at edu.brown.hstore.HStoreSite.invocationQueue(HStoreSite.java:1630)
	at edu.brown.hstore.ClientInterface$ClientInputHandler.handleMessage(ClientInterface.java:458)
	at org.voltdb.network.VoltPort.call(VoltPort.java:146)
	at org.voltdb.network.VoltNetwork$3.run(VoltNetwork.java:545)
	at org.voltdb.network.VoltNetwork$2.run(VoltNetwork.java:238)
	at org.voltdb.network.VoltNetwork$1$1.run(VoltNetwork.java:202)
09:58:41,908 [H01-periodic] (HStoreCoordinator.java:1588) INFO  - Waiting for 2 sites to finish shutting down
09:58:51,926 [H01-periodic] (HStoreCoordinator.java:1621) INFO  - Sending final shutdown message to 2 remote sites
09:58:53,022 [H01-coord] (HStoreCoordinator.java:217) ERROR - MessengerListener has stopped!
java.lang.UnsupportedOperationException: Connection closed: not handled (for now).
	at edu.brown.protorpc.ProtoRpcChannel.readCallback(ProtoRpcChannel.java:157)
	at edu.brown.protorpc.NIOEventLoop.handleSelectedKeys(NIOEventLoop.java:223)
	at edu.brown.protorpc.NIOEventLoop.runOnce(NIOEventLoop.java:169)
	at edu.brown.protorpc.NIOEventLoop.run(NIOEventLoop.java:154)
	at edu.brown.hstore.HStoreCoordinator$MessengerListener.run(HStoreCoordinator.java:210)
	at java.lang.Thread.run(Thread.java:722)
BUILD SUCCESSFUL
Total time: 51 minutes 12 seconds
